[2025-07-06 04:19:50] Recommended vehicles for user 'rashmita123' (count: 4): 30, 16, 29, 14
[2025-07-06 04:19:50] Booking Summary:
Vehicle ID 14 booked by: arju123, arju123, bipana123, bishal123, ganesh123
Vehicle ID 15 booked by: bipana123, sana123
Vehicle ID 16 booked by: arju123, rashmita123
Vehicle ID 17 booked by: ganesh123
Vehicle ID 18 booked by: bipana123, bipana123, bipana123
Vehicle ID 21 booked by: ganesh123
Vehicle ID 24 booked by: ganesh123
Vehicle ID 25 booked by: anusha123, bipana123, ujjwal123
Vehicle ID 26 booked by: anusha123
Vehicle ID 27 booked by: ujjwal123
Vehicle ID 29 booked by: rashmita123, rashmita123, rashmita123
Vehicle ID 30 booked by: bishal123, bishal123, rashmita123

[2025-07-06 05:12:48] Recommended vehicles for user 'arju123' (count: 10): 14, 16, 30, 29, 18, 15, 25, 17, 21, 24
[2025-07-06 05:12:48] Booking Summary:
Vehicle ID 14 booked by: arju123, arju123, bipana123, bishal123, ganesh123
Vehicle ID 15 booked by: bipana123, sana123
Vehicle ID 16 booked by: arju123, rashmita123
Vehicle ID 17 booked by: ganesh123
Vehicle ID 18 booked by: bipana123, bipana123, bipana123
Vehicle ID 21 booked by: ganesh123
Vehicle ID 24 booked by: ganesh123
Vehicle ID 25 booked by: anusha123, bipana123, ujjwal123
Vehicle ID 26 booked by: anusha123
Vehicle ID 27 booked by: ujjwal123
Vehicle ID 29 booked by: rashmita123, rashmita123, rashmita123
Vehicle ID 30 booked by: bishal123, bishal123, rashmita123

[06-Jul-2025 05:14:04 Europe/Berlin] ✅ update_booking_status.php started
[06-Jul-2025 05:14:04 Europe/Berlin] PHP Notice:  session_start(): Ignoring session_start() because a session is already active in C:\xampp\htdocs\project\User\Php\get_notifications.php on line 2
[06-Jul-2025 05:14:04 Europe/Berlin] ✅ Notification file loaded
[06-Jul-2025 05:14:04 Europe/Berlin] 📨 POST Received: booking_id = 119, bstatus = approved
[06-Jul-2025 05:14:04 Europe/Berlin] 🔄 Attempting to change status from 'pending' to 'approved'
[06-Jul-2025 05:14:04 Europe/Berlin] ✅ Booking status updated to approved
[06-Jul-2025 05:14:04 Europe/Berlin] 📬 Notification sent to arju123
[2025-07-06 05:15:18] Recommended vehicles for user 'rashmita123' (count: 5): 30, 16, 29, 14, 28
[2025-07-06 05:15:18] Booking Summary:
Vehicle ID 14 booked by: arju123, arju123, bipana123, bishal123, ganesh123
Vehicle ID 15 booked by: bipana123, sana123
Vehicle ID 16 booked by: arju123, rashmita123
Vehicle ID 17 booked by: ganesh123
Vehicle ID 18 booked by: bipana123, bipana123, bipana123
Vehicle ID 21 booked by: ganesh123
Vehicle ID 24 booked by: ganesh123
Vehicle ID 25 booked by: anusha123, bipana123, ujjwal123
Vehicle ID 26 booked by: anusha123
Vehicle ID 27 booked by: ujjwal123
Vehicle ID 28 booked by: arju123
Vehicle ID 29 booked by: rashmita123, rashmita123, rashmita123
Vehicle ID 30 booked by: bishal123, bishal123, rashmita123

[2025-07-06 05:15:50] Recommended vehicles for user 'rashmita123' (count: 5): 30, 16, 29, 14, 28
[2025-07-06 05:15:50] Booking Summary:
Vehicle ID 14 booked by: arju123, arju123, bipana123, bishal123, ganesh123
Vehicle ID 15 booked by: bipana123, sana123
Vehicle ID 16 booked by: arju123, rashmita123
Vehicle ID 17 booked by: ganesh123
Vehicle ID 18 booked by: bipana123, bipana123, bipana123
Vehicle ID 21 booked by: ganesh123
Vehicle ID 24 booked by: ganesh123
Vehicle ID 25 booked by: anusha123, bipana123, ujjwal123
Vehicle ID 26 booked by: anusha123
Vehicle ID 27 booked by: ujjwal123
Vehicle ID 28 booked by: arju123
Vehicle ID 29 booked by: rashmita123, rashmita123, rashmita123
Vehicle ID 30 booked by: bishal123, bishal123, rashmita123

[2025-07-06 05:16:11] Recommended vehicles for user 'rashmita123' (count: 5): 30, 16, 29, 14, 28
[2025-07-06 05:16:11] Booking Summary:
Vehicle ID 14 booked by: arju123, arju123, bipana123, bishal123, ganesh123
Vehicle ID 15 booked by: bipana123, sana123
Vehicle ID 16 booked by: arju123, rashmita123
Vehicle ID 17 booked by: ganesh123
Vehicle ID 18 booked by: bipana123, bipana123, bipana123
Vehicle ID 21 booked by: ganesh123
Vehicle ID 24 booked by: ganesh123
Vehicle ID 25 booked by: anusha123, bipana123, ujjwal123
Vehicle ID 26 booked by: anusha123
Vehicle ID 27 booked by: ujjwal123
Vehicle ID 28 booked by: arju123
Vehicle ID 29 booked by: rashmita123, rashmita123, rashmita123
Vehicle ID 30 booked by: bishal123, bishal123, rashmita123

[06-Jul-2025 05:16:38 Europe/Berlin] ✅ update_booking_status.php started
[06-Jul-2025 05:16:38 Europe/Berlin] PHP Notice:  session_start(): Ignoring session_start() because a session is already active in C:\xampp\htdocs\project\User\Php\get_notifications.php on line 2
[06-Jul-2025 05:16:38 Europe/Berlin] ✅ Notification file loaded
[06-Jul-2025 05:16:38 Europe/Berlin] 📨 POST Received: booking_id = 119, bstatus = completed
[06-Jul-2025 05:16:38 Europe/Berlin] 🔄 Attempting to change status from 'approved' to 'completed'
[06-Jul-2025 05:16:38 Europe/Berlin] ✅ Booking status updated to completed
[06-Jul-2025 05:16:38 Europe/Berlin] 📬 Notification sent to arju123
[2025-07-06 05:17:42] Recommended vehicles for user 'arju123' (count: 11): 14, 16, 28, 30, 29, 18, 15, 25, 17, 21, 24
[2025-07-06 05:17:42] Booking Summary:
Vehicle ID 14 booked by: arju123, arju123, bipana123, bishal123, ganesh123
Vehicle ID 15 booked by: bipana123, sana123
Vehicle ID 16 booked by: arju123, rashmita123
Vehicle ID 17 booked by: ganesh123
Vehicle ID 18 booked by: bipana123, bipana123, bipana123
Vehicle ID 21 booked by: ganesh123
Vehicle ID 24 booked by: ganesh123
Vehicle ID 25 booked by: anusha123, bipana123, ujjwal123
Vehicle ID 26 booked by: anusha123
Vehicle ID 27 booked by: ujjwal123
Vehicle ID 28 booked by: arju123
Vehicle ID 29 booked by: rashmita123, rashmita123, rashmita123
Vehicle ID 30 booked by: bishal123, bishal123, rashmita123

[2025-07-06 05:21:25] Recommended vehicles for user 'arju123' (count: 11): 14, 16, 28, 30, 29, 18, 15, 25, 17, 21, 24
[2025-07-06 05:21:25] Booking Summary:
Vehicle ID 14 booked by: arju123, arju123, bipana123, bishal123, ganesh123
Vehicle ID 15 booked by: bipana123, sana123
Vehicle ID 16 booked by: arju123, rashmita123
Vehicle ID 17 booked by: ganesh123
Vehicle ID 18 booked by: bipana123, bipana123, bipana123
Vehicle ID 21 booked by: ganesh123
Vehicle ID 24 booked by: ganesh123
Vehicle ID 25 booked by: anusha123, bipana123, ujjwal123
Vehicle ID 26 booked by: anusha123
Vehicle ID 27 booked by: ujjwal123
Vehicle ID 28 booked by: arju123
Vehicle ID 29 booked by: rashmita123, rashmita123, rashmita123
Vehicle ID 30 booked by: bishal123, bishal123, rashmita123

[06-Jul-2025 05:41:37 Europe/Berlin] ✅ update_booking_status.php started
[06-Jul-2025 05:41:37 Europe/Berlin] PHP Notice:  session_start(): Ignoring session_start() because a session is already active in C:\xampp\htdocs\project\User\Php\get_notifications.php on line 2
[06-Jul-2025 05:41:37 Europe/Berlin] ✅ Notification file loaded
[06-Jul-2025 05:41:37 Europe/Berlin] 📨 POST Received: booking_id = 57, bstatus = cancelled
[06-Jul-2025 05:41:37 Europe/Berlin] 🔄 Attempting to change status from 'approved' to 'cancelled'
[06-Jul-2025 05:41:37 Europe/Berlin] ✅ Booking status updated to cancelled
[06-Jul-2025 05:41:37 Europe/Berlin] 📬 Notification sent to arju123
[2025-07-06 05:48:35] Recommended vehicles for user 'arju123' (count: 11): 29, 14, 16, 28, 30, 18, 15, 25, 17, 21, 24
[2025-07-06 05:48:35] Booking Summary:
Vehicle ID 14 booked by: arju123, arju123, bipana123, bishal123, ganesh123
Vehicle ID 15 booked by: bipana123, sana123
Vehicle ID 16 booked by: arju123, rashmita123
Vehicle ID 17 booked by: ganesh123
Vehicle ID 18 booked by: bipana123, bipana123, bipana123
Vehicle ID 21 booked by: ganesh123
Vehicle ID 24 booked by: ganesh123
Vehicle ID 25 booked by: anusha123, bipana123, ujjwal123
Vehicle ID 26 booked by: anusha123
Vehicle ID 27 booked by: ujjwal123
Vehicle ID 28 booked by: arju123
Vehicle ID 29 booked by: arju123, rashmita123, rashmita123, rashmita123
Vehicle ID 30 booked by: bishal123, bishal123, rashmita123

[2025-07-06 05:52:43] Recommended vehicles for user 'arju123' (count: 11): 29, 14, 16, 28, 30, 18, 15, 25, 17, 21, 24
[2025-07-06 05:52:43] Booking Summary:
Vehicle ID 14 booked by: arju123, arju123, arju123, bipana123, bishal123, ganesh123
Vehicle ID 15 booked by: bipana123, sana123
Vehicle ID 16 booked by: arju123, rashmita123
Vehicle ID 17 booked by: ganesh123
Vehicle ID 18 booked by: bipana123, bipana123, bipana123
Vehicle ID 21 booked by: ganesh123
Vehicle ID 24 booked by: ganesh123
Vehicle ID 25 booked by: anusha123, bipana123, ujjwal123
Vehicle ID 26 booked by: anusha123
Vehicle ID 27 booked by: ujjwal123
Vehicle ID 28 booked by: arju123
Vehicle ID 29 booked by: arju123, rashmita123, rashmita123, rashmita123
Vehicle ID 30 booked by: bishal123, bishal123, rashmita123

[2025-07-06 05:55:37] Recommended vehicles for user 'arju123' (count: 11): 29, 14, 16, 28, 30, 18, 15, 25, 17, 21, 24
[2025-07-06 05:55:37] Booking Summary:
Vehicle ID 14 booked by: arju123, arju123, arju123, bipana123, bishal123, ganesh123
Vehicle ID 15 booked by: bipana123, sana123
Vehicle ID 16 booked by: arju123, rashmita123
Vehicle ID 17 booked by: ganesh123
Vehicle ID 18 booked by: bipana123, bipana123, bipana123
Vehicle ID 21 booked by: ganesh123
Vehicle ID 24 booked by: ganesh123
Vehicle ID 25 booked by: anusha123, bipana123, ujjwal123
Vehicle ID 26 booked by: anusha123
Vehicle ID 27 booked by: ujjwal123
Vehicle ID 28 booked by: arju123
Vehicle ID 29 booked by: arju123, rashmita123, rashmita123, rashmita123
Vehicle ID 30 booked by: bishal123, bishal123, rashmita123

